2025-12-17 09:46:51,291:WARNING:C:\Users\gonia\miniconda3\envs\halfmarathon\Lib\site-packages\_distutils_hack\__init__.py:30: UserWarning: Setuptools is replacing distutils. Support for replacing an already imported distutils is deprecated. In the future, this condition will fail. Register concerns at https://github.com/pypa/setuptools/issues/new?template=distutils-deprecation.yml
  warnings.warn(

2025-12-17 09:46:52,350:WARNING:C:\Users\gonia\miniconda3\envs\halfmarathon\Lib\site-packages\pycaret\internal\pipeline.py:148: UserWarning: Version mismatch:
current: {'deps_info': {'pip': '25.3', 'setuptools': '80.9.0', 'pycaret': '3.3.2', 'IPython': '9.8.0', 'ipywidgets': '8.1.8', 'tqdm': '4.67.1', 'numpy': '1.26.4', 'pandas': '2.1.4', 'jinja2': '3.1.6', 'scipy': '1.11.4', 'joblib': '1.3.2', 'sklearn': '1.4.2', 'pyod': '2.0.6', 'imblearn': '0.14.0', 'category_encoders': '2.7.0', 'lightgbm': '4.6.0', 'numba': '0.63.1', 'requests': '2.32.5', 'matplotlib': '3.7.5', 'scikitplot': '0.3.7', 'yellowbrick': '1.5', 'plotly': '6.5.0', 'plotly-resampler': 'Not installed', 'kaleido': '1.2.0', 'schemdraw': '0.15', 'statsmodels': '0.14.6', 'sktime': '0.26.0', 'tbats': '1.1.3', 'pmdarima': '2.0.4', 'psutil': '7.1.3', 'markupsafe': '3.0.3', 'pickle5': 'Not installed', 'cloudpickle': '3.1.2', 'deprecation': '2.1.0', 'xxhash': '3.6.0', 'wurlitzer': 'Not installed'}, 'python': {'version': '3.11.14', 'machine': 'AMD64'}}
pickle: {'deps_info': {'pip': '25.2', 'setuptools': '78.1.1', 'pycaret': '3.3.2', 'IPython': '9.1.0', 'ipywidgets': '8.1.7', 'tqdm': '4.67.1', 'numpy': '1.26.4', 'pandas': '1.5.3', 'jinja2': '3.1.6', 'scipy': '1.11.4', 'joblib': '1.3.2', 'sklearn': '1.4.2', 'pyod': '1.1.3', 'imblearn': '0.14.0', 'category_encoders': '2.6.3', 'lightgbm': '4.6.0', 'numba': '0.61.2', 'requests': '2.32.5', 'matplotlib': '3.7.3', 'scikitplot': '0.3.7', 'yellowbrick': '1.5', 'plotly': '6.3.0', 'plotly-resampler': 'Not installed', 'kaleido': '0.2.1', 'schemdraw': '0.15', 'statsmodels': '0.14.5', 'sktime': '0.26.0', 'tbats': '1.1.3', 'pmdarima': '2.0.4', 'psutil': '7.0.0', 'markupsafe': '3.0.3', 'pickle5': 'Not installed', 'cloudpickle': '3.1.2', 'deprecation': '2.1.0', 'xxhash': '3.5.0', 'wurlitzer': '3.1.1'}, 'python': {'version': '3.11.13', 'machine': 'AMD64'}}
  warnings.warn(

2025-12-17 09:52:14,302:WARNING:C:\Users\gonia\miniconda3\envs\halfmarathon\Lib\site-packages\_distutils_hack\__init__.py:30: UserWarning: Setuptools is replacing distutils. Support for replacing an already imported distutils is deprecated. In the future, this condition will fail. Register concerns at https://github.com/pypa/setuptools/issues/new?template=distutils-deprecation.yml
  warnings.warn(

2025-12-17 09:52:14,355:WARNING:C:\Users\gonia\miniconda3\envs\halfmarathon\Lib\site-packages\pycaret\internal\pipeline.py:148: UserWarning: Version mismatch:
current: {'deps_info': {'pip': '25.3', 'setuptools': '80.9.0', 'pycaret': '3.3.2', 'IPython': '9.8.0', 'ipywidgets': '8.1.8', 'tqdm': '4.67.1', 'numpy': '1.26.4', 'pandas': '2.1.4', 'jinja2': '3.1.6', 'scipy': '1.11.4', 'joblib': '1.3.2', 'sklearn': '1.4.2', 'pyod': '2.0.6', 'imblearn': '0.14.0', 'category_encoders': '2.7.0', 'lightgbm': '4.6.0', 'numba': '0.63.1', 'requests': '2.32.5', 'matplotlib': '3.7.5', 'scikitplot': '0.3.7', 'yellowbrick': '1.5', 'plotly': '6.5.0', 'plotly-resampler': 'Not installed', 'kaleido': '1.2.0', 'schemdraw': '0.15', 'statsmodels': '0.14.6', 'sktime': '0.26.0', 'tbats': '1.1.3', 'pmdarima': '2.0.4', 'psutil': '7.1.3', 'markupsafe': '3.0.3', 'pickle5': 'Not installed', 'cloudpickle': '3.1.2', 'deprecation': '2.1.0', 'xxhash': '3.6.0', 'wurlitzer': 'Not installed'}, 'python': {'version': '3.11.14', 'machine': 'AMD64'}}
pickle: {'deps_info': {'pip': '25.2', 'setuptools': '78.1.1', 'pycaret': '3.3.2', 'IPython': '9.1.0', 'ipywidgets': '8.1.7', 'tqdm': '4.67.1', 'numpy': '1.26.4', 'pandas': '1.5.3', 'jinja2': '3.1.6', 'scipy': '1.11.4', 'joblib': '1.3.2', 'sklearn': '1.4.2', 'pyod': '1.1.3', 'imblearn': '0.14.0', 'category_encoders': '2.6.3', 'lightgbm': '4.6.0', 'numba': '0.61.2', 'requests': '2.32.5', 'matplotlib': '3.7.3', 'scikitplot': '0.3.7', 'yellowbrick': '1.5', 'plotly': '6.3.0', 'plotly-resampler': 'Not installed', 'kaleido': '0.2.1', 'schemdraw': '0.15', 'statsmodels': '0.14.5', 'sktime': '0.26.0', 'tbats': '1.1.3', 'pmdarima': '2.0.4', 'psutil': '7.0.0', 'markupsafe': '3.0.3', 'pickle5': 'Not installed', 'cloudpickle': '3.1.2', 'deprecation': '2.1.0', 'xxhash': '3.5.0', 'wurlitzer': '3.1.1'}, 'python': {'version': '3.11.13', 'machine': 'AMD64'}}
  warnings.warn(

2025-12-17 10:10:34,712:WARNING:
'cuml' is a soft dependency and not included in the pycaret installation. Please run: `pip install cuml` to install.
2025-12-17 10:10:34,712:WARNING:
'cuml' is a soft dependency and not included in the pycaret installation. Please run: `pip install cuml` to install.
2025-12-17 10:10:34,712:WARNING:
'cuml' is a soft dependency and not included in the pycaret installation. Please run: `pip install cuml` to install.
2025-12-17 10:10:34,712:WARNING:
'cuml' is a soft dependency and not included in the pycaret installation. Please run: `pip install cuml` to install.
2025-12-17 10:10:37,945:INFO:PyCaret RegressionExperiment
2025-12-17 10:10:37,946:INFO:Logging name: reg-default-name
2025-12-17 10:10:37,946:INFO:ML Usecase: MLUsecase.REGRESSION
2025-12-17 10:10:37,946:INFO:version 3.3.2
2025-12-17 10:10:37,946:INFO:Initializing setup()
2025-12-17 10:10:37,947:INFO:self.USI: f5f1
2025-12-17 10:10:37,947:INFO:self._variable_keys: {'memory', 'USI', 'html_param', 'log_plots_param', 'X_test', 'y_test', 'transform_target_param', 'logging_param', 'X', 'n_jobs_param', 'target_param', 'gpu_param', 'fold_generator', 'exp_id', 'exp_name_log', 'data', 'fold_groups_param', 'y_train', 'y', 'seed', 'idx', '_ml_usecase', 'gpu_n_jobs_param', 'pipeline', 'fold_shuffle_param', 'X_train', '_available_plots'}
2025-12-17 10:10:37,947:INFO:Checking environment
2025-12-17 10:10:37,947:INFO:python_version: 3.11.13
2025-12-17 10:10:37,947:INFO:python_build: ('main', 'Jun  5 2025 13:03:15')
2025-12-17 10:10:37,947:INFO:machine: AMD64
2025-12-17 10:10:37,948:INFO:platform: Windows-10-10.0.26200-SP0
2025-12-17 10:10:37,948:INFO:Memory: svmem(total=16857817088, available=3757191168, percent=77.7, used=13100625920, free=3757191168)
2025-12-17 10:10:37,949:INFO:Physical Core: 8
2025-12-17 10:10:37,949:INFO:Logical Core: 12
2025-12-17 10:10:37,949:INFO:Checking libraries
2025-12-17 10:10:37,950:INFO:System:
2025-12-17 10:10:37,950:INFO:    python: 3.11.13 | packaged by Anaconda, Inc. | (main, Jun  5 2025, 13:03:15) [MSC v.1929 64 bit (AMD64)]
2025-12-17 10:10:37,950:INFO:executable: c:\Users\gonia\miniconda3\envs\od_zera_do_ai\python.exe
2025-12-17 10:10:37,950:INFO:   machine: Windows-10-10.0.26200-SP0
2025-12-17 10:10:37,950:INFO:PyCaret required dependencies:
2025-12-17 10:10:38,012:INFO:                 pip: 25.2
2025-12-17 10:10:38,012:INFO:          setuptools: 78.1.1
2025-12-17 10:10:38,012:INFO:             pycaret: 3.3.2
2025-12-17 10:10:38,012:INFO:             IPython: 9.1.0
2025-12-17 10:10:38,012:INFO:          ipywidgets: 8.1.7
2025-12-17 10:10:38,012:INFO:                tqdm: 4.67.1
2025-12-17 10:10:38,012:INFO:               numpy: 1.26.4
2025-12-17 10:10:38,012:INFO:              pandas: 2.1.4
2025-12-17 10:10:38,012:INFO:              jinja2: 3.1.6
2025-12-17 10:10:38,012:INFO:               scipy: 1.11.4
2025-12-17 10:10:38,012:INFO:              joblib: 1.3.2
2025-12-17 10:10:38,012:INFO:             sklearn: 1.4.2
2025-12-17 10:10:38,012:INFO:                pyod: 1.1.3
2025-12-17 10:10:38,012:INFO:            imblearn: 0.14.0
2025-12-17 10:10:38,012:INFO:   category_encoders: 2.6.3
2025-12-17 10:10:38,012:INFO:            lightgbm: 4.6.0
2025-12-17 10:10:38,012:INFO:               numba: 0.61.2
2025-12-17 10:10:38,012:INFO:            requests: 2.32.5
2025-12-17 10:10:38,012:INFO:          matplotlib: 3.7.3
2025-12-17 10:10:38,012:INFO:          scikitplot: 0.3.7
2025-12-17 10:10:38,012:INFO:         yellowbrick: 1.5
2025-12-17 10:10:38,012:INFO:              plotly: 6.3.0
2025-12-17 10:10:38,012:INFO:    plotly-resampler: Not installed
2025-12-17 10:10:38,012:INFO:             kaleido: 0.2.1
2025-12-17 10:10:38,012:INFO:           schemdraw: 0.15
2025-12-17 10:10:38,012:INFO:         statsmodels: 0.14.5
2025-12-17 10:10:38,012:INFO:              sktime: 0.26.0
2025-12-17 10:10:38,012:INFO:               tbats: 1.1.3
2025-12-17 10:10:38,012:INFO:            pmdarima: 2.0.4
2025-12-17 10:10:38,012:INFO:              psutil: 7.0.0
2025-12-17 10:10:38,012:INFO:          markupsafe: 3.0.3
2025-12-17 10:10:38,012:INFO:             pickle5: Not installed
2025-12-17 10:10:38,012:INFO:         cloudpickle: 3.1.2
2025-12-17 10:10:38,012:INFO:         deprecation: 2.1.0
2025-12-17 10:10:38,012:INFO:              xxhash: 3.5.0
2025-12-17 10:10:38,012:INFO:           wurlitzer: 3.1.1
2025-12-17 10:10:38,012:INFO:PyCaret optional dependencies:
2025-12-17 10:10:38,371:INFO:                shap: Not installed
2025-12-17 10:10:38,371:INFO:           interpret: Not installed
2025-12-17 10:10:38,371:INFO:                umap: Not installed
2025-12-17 10:10:38,371:INFO:     ydata_profiling: Not installed
2025-12-17 10:10:38,371:INFO:  explainerdashboard: Not installed
2025-12-17 10:10:38,371:INFO:             autoviz: Not installed
2025-12-17 10:10:38,371:INFO:           fairlearn: Not installed
2025-12-17 10:10:38,371:INFO:          deepchecks: Not installed
2025-12-17 10:10:38,371:INFO:             xgboost: Not installed
2025-12-17 10:10:38,371:INFO:            catboost: Not installed
2025-12-17 10:10:38,371:INFO:              kmodes: Not installed
2025-12-17 10:10:38,371:INFO:             mlxtend: Not installed
2025-12-17 10:10:38,371:INFO:       statsforecast: Not installed
2025-12-17 10:10:38,371:INFO:        tune_sklearn: Not installed
2025-12-17 10:10:38,371:INFO:                 ray: Not installed
2025-12-17 10:10:38,371:INFO:            hyperopt: Not installed
2025-12-17 10:10:38,371:INFO:              optuna: Not installed
2025-12-17 10:10:38,371:INFO:               skopt: Not installed
2025-12-17 10:10:38,371:INFO:              mlflow: 3.7.0
2025-12-17 10:10:38,371:INFO:              gradio: Not installed
2025-12-17 10:10:38,371:INFO:             fastapi: 0.121.1
2025-12-17 10:10:38,371:INFO:             uvicorn: 0.35.0
2025-12-17 10:10:38,371:INFO:              m2cgen: Not installed
2025-12-17 10:10:38,371:INFO:           evidently: 0.4.38
2025-12-17 10:10:38,371:INFO:               fugue: Not installed
2025-12-17 10:10:38,371:INFO:           streamlit: 1.51.0
2025-12-17 10:10:38,371:INFO:             prophet: Not installed
2025-12-17 10:10:38,371:INFO:None
2025-12-17 10:10:38,371:INFO:Set up data.
2025-12-17 10:10:38,375:INFO:Set up folding strategy.
2025-12-17 10:10:38,375:INFO:Set up train/test split.
2025-12-17 10:10:38,580:INFO:Set up index.
2025-12-17 10:10:38,580:INFO:Assigning column types.
2025-12-17 10:10:38,580:INFO:Engine successfully changes for model 'lr' to 'sklearn'.
2025-12-17 10:10:38,580:INFO:Engine for model 'lasso' has not been set explicitly, hence returning None.
2025-12-17 10:10:38,588:INFO:Engine for model 'ridge' has not been set explicitly, hence returning None.
2025-12-17 10:10:38,591:INFO:Engine for model 'en' has not been set explicitly, hence returning None.
2025-12-17 10:10:38,633:INFO:Engine for model 'svm' has not been set explicitly, hence returning None.
2025-12-17 10:10:38,664:INFO:Engine for model 'knn' has not been set explicitly, hence returning None.
2025-12-17 10:10:38,666:WARNING:
'xgboost' is a soft dependency and not included in the pycaret installation. Please run: `pip install xgboost` to install.
Alternately, you can install this by running `pip install pycaret[models]`
2025-12-17 10:10:38,666:WARNING:
'catboost' is a soft dependency and not included in the pycaret installation. Please run: `pip install catboost` to install.
Alternately, you can install this by running `pip install pycaret[models]`
2025-12-17 10:10:38,666:INFO:Engine for model 'lasso' has not been set explicitly, hence returning None.
2025-12-17 10:10:38,668:INFO:Engine for model 'ridge' has not been set explicitly, hence returning None.
2025-12-17 10:10:38,672:INFO:Engine for model 'en' has not been set explicitly, hence returning None.
2025-12-17 10:10:38,708:INFO:Engine for model 'svm' has not been set explicitly, hence returning None.
2025-12-17 10:10:38,733:INFO:Engine for model 'knn' has not been set explicitly, hence returning None.
2025-12-17 10:10:38,733:WARNING:
'xgboost' is a soft dependency and not included in the pycaret installation. Please run: `pip install xgboost` to install.
Alternately, you can install this by running `pip install pycaret[models]`
2025-12-17 10:10:38,733:WARNING:
'catboost' is a soft dependency and not included in the pycaret installation. Please run: `pip install catboost` to install.
Alternately, you can install this by running `pip install pycaret[models]`
2025-12-17 10:10:38,733:INFO:Engine successfully changes for model 'lasso' to 'sklearn'.
2025-12-17 10:10:38,738:INFO:Engine for model 'ridge' has not been set explicitly, hence returning None.
2025-12-17 10:10:38,741:INFO:Engine for model 'en' has not been set explicitly, hence returning None.
2025-12-17 10:10:38,774:INFO:Engine for model 'svm' has not been set explicitly, hence returning None.
2025-12-17 10:10:38,795:INFO:Engine for model 'knn' has not been set explicitly, hence returning None.
2025-12-17 10:10:38,795:WARNING:
'xgboost' is a soft dependency and not included in the pycaret installation. Please run: `pip install xgboost` to install.
Alternately, you can install this by running `pip install pycaret[models]`
2025-12-17 10:10:38,795:WARNING:
'catboost' is a soft dependency and not included in the pycaret installation. Please run: `pip install catboost` to install.
Alternately, you can install this by running `pip install pycaret[models]`
2025-12-17 10:10:38,795:INFO:Engine for model 'ridge' has not been set explicitly, hence returning None.
2025-12-17 10:10:38,795:INFO:Engine for model 'en' has not been set explicitly, hence returning None.
2025-12-17 10:10:38,841:INFO:Engine for model 'svm' has not been set explicitly, hence returning None.
2025-12-17 10:10:38,858:INFO:Engine for model 'knn' has not been set explicitly, hence returning None.
2025-12-17 10:10:38,858:WARNING:
'xgboost' is a soft dependency and not included in the pycaret installation. Please run: `pip install xgboost` to install.
Alternately, you can install this by running `pip install pycaret[models]`
2025-12-17 10:10:38,858:WARNING:
'catboost' is a soft dependency and not included in the pycaret installation. Please run: `pip install catboost` to install.
Alternately, you can install this by running `pip install pycaret[models]`
2025-12-17 10:10:38,858:INFO:Engine successfully changes for model 'ridge' to 'sklearn'.
2025-12-17 10:10:38,858:INFO:Engine for model 'en' has not been set explicitly, hence returning None.
2025-12-17 10:10:38,906:INFO:Engine for model 'svm' has not been set explicitly, hence returning None.
2025-12-17 10:10:38,922:INFO:Engine for model 'knn' has not been set explicitly, hence returning None.
2025-12-17 10:10:38,922:WARNING:
'xgboost' is a soft dependency and not included in the pycaret installation. Please run: `pip install xgboost` to install.
Alternately, you can install this by running `pip install pycaret[models]`
2025-12-17 10:10:38,922:WARNING:
'catboost' is a soft dependency and not included in the pycaret installation. Please run: `pip install catboost` to install.
Alternately, you can install this by running `pip install pycaret[models]`
2025-12-17 10:10:38,938:INFO:Engine for model 'en' has not been set explicitly, hence returning None.
2025-12-17 10:10:38,988:INFO:Engine for model 'svm' has not been set explicitly, hence returning None.
2025-12-17 10:10:39,001:INFO:Engine for model 'knn' has not been set explicitly, hence returning None.
2025-12-17 10:10:39,001:WARNING:
'xgboost' is a soft dependency and not included in the pycaret installation. Please run: `pip install xgboost` to install.
Alternately, you can install this by running `pip install pycaret[models]`
2025-12-17 10:10:39,017:WARNING:
'catboost' is a soft dependency and not included in the pycaret installation. Please run: `pip install catboost` to install.
Alternately, you can install this by running `pip install pycaret[models]`
2025-12-17 10:10:39,017:INFO:Engine successfully changes for model 'en' to 'sklearn'.
2025-12-17 10:10:39,049:INFO:Engine for model 'svm' has not been set explicitly, hence returning None.
2025-12-17 10:10:39,077:INFO:Engine for model 'knn' has not been set explicitly, hence returning None.
2025-12-17 10:10:39,077:WARNING:
'xgboost' is a soft dependency and not included in the pycaret installation. Please run: `pip install xgboost` to install.
Alternately, you can install this by running `pip install pycaret[models]`
2025-12-17 10:10:39,077:WARNING:
'catboost' is a soft dependency and not included in the pycaret installation. Please run: `pip install catboost` to install.
Alternately, you can install this by running `pip install pycaret[models]`
2025-12-17 10:10:39,113:INFO:Engine for model 'svm' has not been set explicitly, hence returning None.
2025-12-17 10:10:39,141:INFO:Engine for model 'knn' has not been set explicitly, hence returning None.
2025-12-17 10:10:39,141:WARNING:
'xgboost' is a soft dependency and not included in the pycaret installation. Please run: `pip install xgboost` to install.
Alternately, you can install this by running `pip install pycaret[models]`
2025-12-17 10:10:39,141:WARNING:
'catboost' is a soft dependency and not included in the pycaret installation. Please run: `pip install catboost` to install.
Alternately, you can install this by running `pip install pycaret[models]`
2025-12-17 10:10:39,141:INFO:Engine successfully changes for model 'knn' to 'sklearn'.
2025-12-17 10:10:39,187:INFO:Engine for model 'svm' has not been set explicitly, hence returning None.
2025-12-17 10:10:39,215:WARNING:
'xgboost' is a soft dependency and not included in the pycaret installation. Please run: `pip install xgboost` to install.
Alternately, you can install this by running `pip install pycaret[models]`
2025-12-17 10:10:39,216:WARNING:
'catboost' is a soft dependency and not included in the pycaret installation. Please run: `pip install catboost` to install.
Alternately, you can install this by running `pip install pycaret[models]`
2025-12-17 10:10:39,262:INFO:Engine for model 'svm' has not been set explicitly, hence returning None.
2025-12-17 10:10:39,292:WARNING:
'xgboost' is a soft dependency and not included in the pycaret installation. Please run: `pip install xgboost` to install.
Alternately, you can install this by running `pip install pycaret[models]`
2025-12-17 10:10:39,293:WARNING:
'catboost' is a soft dependency and not included in the pycaret installation. Please run: `pip install catboost` to install.
Alternately, you can install this by running `pip install pycaret[models]`
2025-12-17 10:10:39,293:INFO:Engine successfully changes for model 'svm' to 'sklearn'.
2025-12-17 10:10:39,361:WARNING:
'xgboost' is a soft dependency and not included in the pycaret installation. Please run: `pip install xgboost` to install.
Alternately, you can install this by running `pip install pycaret[models]`
2025-12-17 10:10:39,362:WARNING:
'catboost' is a soft dependency and not included in the pycaret installation. Please run: `pip install catboost` to install.
Alternately, you can install this by running `pip install pycaret[models]`
2025-12-17 10:10:39,433:WARNING:
'xgboost' is a soft dependency and not included in the pycaret installation. Please run: `pip install xgboost` to install.
Alternately, you can install this by running `pip install pycaret[models]`
2025-12-17 10:10:39,434:WARNING:
'catboost' is a soft dependency and not included in the pycaret installation. Please run: `pip install catboost` to install.
Alternately, you can install this by running `pip install pycaret[models]`
2025-12-17 10:10:39,435:INFO:Preparing preprocessing pipeline...
2025-12-17 10:10:39,435:INFO:Set up simple imputation.
2025-12-17 10:10:39,436:INFO:Set up encoding of ordinal features.
2025-12-17 10:10:39,436:INFO:Set up encoding of categorical features.
2025-12-17 10:10:39,436:INFO:Set up feature normalization.
2025-12-17 10:10:39,436:INFO:Set up column name cleaning.
2025-12-17 10:10:39,487:INFO:Finished creating preprocessing pipeline.
2025-12-17 10:10:39,498:INFO:Pipeline: Pipeline(memory=FastMemory(location=C:\Users\gonia\AppData\Local\Temp\joblib),
         steps=[('numerical_imputer',
                 TransformerWrapper(include=['5 km czas', 'wiek'],
                                    transformer=SimpleImputer())),
                ('categorical_imputer',
                 TransformerWrapper(include=['plec'],
                                    transformer=SimpleImputer(strategy='most_frequent'))),
                ('ordinal_encoding',
                 TransformerWrapper(include=['plec'],
                                    transformer=OrdinalEncoder(cols=['plec'],
                                                               handle_missing='return_nan',
                                                               mapping=[{'col': 'plec',
                                                                         'data_type': dtype('O'),
                                                                         'mapping': K      0
M      1
NaN   -1
dtype: int64}]))),
                ('normalize', TransformerWrapper(transformer=StandardScaler())),
                ('clean_column_names',
                 TransformerWrapper(transformer=CleanColumnNames()))])
2025-12-17 10:10:39,498:INFO:Creating final display dataframe.
2025-12-17 10:10:39,594:INFO:Setup _display_container:                     Description             Value
0                    Session id               123
1                        Target              czas
2                   Target type        Regression
3           Original data shape        (17433, 4)
4        Transformed data shape        (17433, 4)
5   Transformed train set shape        (12203, 4)
6    Transformed test set shape         (5230, 4)
7              Numeric features                 2
8          Categorical features                 1
9                    Preprocess              True
10              Imputation type            simple
11           Numeric imputation              mean
12       Categorical imputation              mode
13     Maximum one-hot encoding                25
14              Encoding method              None
15                    Normalize              True
16             Normalize method            zscore
17               Fold Generator             KFold
18                  Fold Number                10
19                     CPU Jobs                -1
20                      Use GPU             False
21               Log Experiment             False
22              Experiment Name  reg-default-name
23                          USI              f5f1
2025-12-17 10:10:39,671:WARNING:
'xgboost' is a soft dependency and not included in the pycaret installation. Please run: `pip install xgboost` to install.
Alternately, you can install this by running `pip install pycaret[models]`
2025-12-17 10:10:39,671:WARNING:
'catboost' is a soft dependency and not included in the pycaret installation. Please run: `pip install catboost` to install.
Alternately, you can install this by running `pip install pycaret[models]`
2025-12-17 10:10:39,738:WARNING:
'xgboost' is a soft dependency and not included in the pycaret installation. Please run: `pip install xgboost` to install.
Alternately, you can install this by running `pip install pycaret[models]`
2025-12-17 10:10:39,738:WARNING:
'catboost' is a soft dependency and not included in the pycaret installation. Please run: `pip install catboost` to install.
Alternately, you can install this by running `pip install pycaret[models]`
2025-12-17 10:10:39,740:INFO:setup() successfully completed in 1.81s...............
2025-12-17 10:10:39,746:INFO:Initializing compare_models()
2025-12-17 10:10:39,746:INFO:compare_models(self=<pycaret.regression.oop.RegressionExperiment object at 0x000001576B164B50>, include=None, exclude=None, fold=None, round=4, cross_validation=True, sort=R2, n_select=1, budget_time=None, turbo=True, errors=ignore, fit_kwargs=None, groups=None, experiment_custom_tags=None, probability_threshold=None, verbose=True, parallel=None, caller_params={'self': <pycaret.regression.oop.RegressionExperiment object at 0x000001576B164B50>, 'include': None, 'exclude': None, 'fold': None, 'round': 4, 'cross_validation': True, 'sort': 'R2', 'n_select': 1, 'budget_time': None, 'turbo': True, 'errors': 'ignore', 'fit_kwargs': None, 'groups': None, 'experiment_custom_tags': None, 'engine': None, 'verbose': True, 'parallel': None, '__class__': <class 'pycaret.regression.oop.RegressionExperiment'>})
2025-12-17 10:10:39,746:INFO:Checking exceptions
2025-12-17 10:10:39,746:INFO:Preparing display monitor
2025-12-17 10:10:39,770:INFO:Initializing Linear Regression
2025-12-17 10:10:39,770:INFO:Total runtime is 0.0 minutes
2025-12-17 10:10:39,773:INFO:SubProcess create_model() called ==================================
2025-12-17 10:10:39,773:INFO:Initializing create_model()
2025-12-17 10:10:39,774:INFO:create_model(self=<pycaret.regression.oop.RegressionExperiment object at 0x000001576B164B50>, estimator=lr, fold=KFold(n_splits=10, random_state=None, shuffle=False), round=4, cross_validation=True, predict=True, fit_kwargs={}, groups=None, refit=False, probability_threshold=None, experiment_custom_tags=None, verbose=False, system=False, add_to_model_list=True, metrics=None, display=<pycaret.internal.display.display.CommonDisplay object at 0x000001576D45CB50>, model_only=True, return_train_score=False, error_score=0.0, kwargs={})
2025-12-17 10:10:39,774:INFO:Checking exceptions
2025-12-17 10:10:39,774:INFO:Importing libraries
2025-12-17 10:10:39,774:INFO:Copying training dataset
2025-12-17 10:10:39,777:INFO:Defining folds
2025-12-17 10:10:39,778:INFO:Declaring metric variables
2025-12-17 10:10:39,781:INFO:Importing untrained model
2025-12-17 10:10:39,783:INFO:Linear Regression Imported successfully
2025-12-17 10:10:39,787:INFO:Starting cross validation
2025-12-17 10:10:39,798:INFO:Cross validating with KFold(n_splits=10, random_state=None, shuffle=False), n_jobs=-1
2025-12-17 10:10:43,625:INFO:Calculating mean and std
2025-12-17 10:10:43,628:INFO:Creating metrics dataframe
2025-12-17 10:10:43,631:INFO:Uploading results into container
2025-12-17 10:10:43,632:INFO:Uploading model into container now
2025-12-17 10:10:43,633:INFO:_master_model_container: 1
2025-12-17 10:10:43,633:INFO:_display_container: 2
2025-12-17 10:10:43,633:INFO:LinearRegression(n_jobs=-1)
2025-12-17 10:10:43,635:INFO:create_model() successfully completed......................................
2025-12-17 10:10:43,723:INFO:SubProcess create_model() end ==================================
2025-12-17 10:10:43,723:INFO:Creating metrics dataframe
2025-12-17 10:10:43,726:INFO:Initializing Lasso Regression
2025-12-17 10:10:43,726:INFO:Total runtime is 0.06593370834986369 minutes
2025-12-17 10:10:43,726:INFO:SubProcess create_model() called ==================================
2025-12-17 10:10:43,726:INFO:Initializing create_model()
2025-12-17 10:10:43,726:INFO:create_model(self=<pycaret.regression.oop.RegressionExperiment object at 0x000001576B164B50>, estimator=lasso, fold=KFold(n_splits=10, random_state=None, shuffle=False), round=4, cross_validation=True, predict=True, fit_kwargs={}, groups=None, refit=False, probability_threshold=None, experiment_custom_tags=None, verbose=False, system=False, add_to_model_list=True, metrics=None, display=<pycaret.internal.display.display.CommonDisplay object at 0x000001576D45CB50>, model_only=True, return_train_score=False, error_score=0.0, kwargs={})
2025-12-17 10:10:43,726:INFO:Checking exceptions
2025-12-17 10:10:43,726:INFO:Importing libraries
2025-12-17 10:10:43,726:INFO:Copying training dataset
